<?xml version="1.0" encoding="UTF-8"?>
<!-- Generated by org.testng.reporters.JUnitXMLReporter -->
<testsuite ignored="0" hostname="LAPTOP-5HP1H68R" failures="1" tests="3" name="listener" time="0.013" errors="0" timestamp="2021-11-15T16:42:50 IST">
  <testcase classname="listeners.TestNGListeners" name="test1" time="0.004">
    <failure type="java.lang.AssertionError" message="expected [true] but found [false]">
      <![CDATA[java.lang.AssertionError: expected [true] but found [false]
at listeners.TestNGListeners.test1(TestNGListeners.java:15)
at java.base/java.util.ArrayList.forEach(ArrayList.java:1511)
... Removed 34 stack frames]]>
    </failure>
  </testcase> <!-- test1 -->
  <testcase classname="listeners.TestNGListeners" name="test2" time="0.002"/>
  <testcase classname="listeners.TestNGListeners" name="test3" time="0.0">
    <skipped/>
  </testcase> <!-- test3 -->
</testsuite> <!-- listener -->
