<?xml version="1.0" encoding="UTF-8"?>
<!-- Generated by org.testng.reporters.JUnitXMLReporter -->
<testsuite ignored="0" hostname="LAPTOP-5HP1H68R" failures="0" tests="4" name="Purify Test" time="0.016" errors="0" timestamp="2021-11-15T16:42:50 IST">
  <testcase classname="parameterization.Parameterization1" name="test1" time="0.0"/>
  <testcase classname="parameterization.Parameterization1" name="test2" time="0.001"/>
  <testcase classname="parameterization.Parameterization1" name="test3" time="0.001"/>
  <testcase classname="parameterization.Parameterization1" name="test4" time="0.0"/>
</testsuite> <!-- Purify Test -->
