<?xml version="1.0" encoding="UTF-8"?>
<!-- Generated by org.testng.reporters.JUnitXMLReporter -->
<testsuite ignored="0" hostname="LAPTOP-5HP1H68R" failures="0" tests="4" name="Default test" time="0.065" errors="0" timestamp="2021-11-17T11:08:03 IST">
  <testcase classname="GroupsDemo.TestNGgroup" name="test1" time="0.007"/>
  <testcase classname="GroupsDemo.TestNGgroup" name="test2" time="0.001"/>
  <testcase classname="GroupsDemo.TestNGgroup" name="test3" time="0.002"/>
  <testcase classname="GroupsDemo.TestNGgroup" name="test4" time="0.001"/>
</testsuite> <!-- Default test -->
