<?xml version="1.0" encoding="UTF-8"?>
<testng-results total="1" passed="1" failed="0" skipped="0">
  <reporter-output>
  </reporter-output>
  <suite started-at="2021-11-02T10:33:52Z" name="Default suite" finished-at="2021-11-02T10:34:07Z" duration-ms="15166">
    <groups>
    </groups>
    <test started-at="2021-11-02T10:33:52Z" name="Default test" finished-at="2021-11-02T10:34:07Z" duration-ms="15166">
      <class name="co.demo.FirstTestNGPractice">
        <test-method is-config="true" signature="setUp()[pri:0, instance:co.demo.FirstTestNGPractice@1187c9e8]" started-at="2021-11-02T16:03:52Z" name="setUp" finished-at="2021-11-02T16:04:06Z" duration-ms="14330" status="PASS">
          <reporter-output>
          </reporter-output>
        </test-method> <!-- setUp -->
        <test-method signature="titleCheck()[pri:0, instance:co.demo.FirstTestNGPractice@1187c9e8]" started-at="2021-11-02T16:04:06Z" name="titleCheck" finished-at="2021-11-02T16:04:06Z" duration-ms="74" status="PASS">
          <reporter-output>
          </reporter-output>
        </test-method> <!-- titleCheck -->
        <test-method is-config="true" signature="tearDown()[pri:0, instance:co.demo.FirstTestNGPractice@1187c9e8]" started-at="2021-11-02T16:04:06Z" name="tearDown" finished-at="2021-11-02T16:04:07Z" duration-ms="746" status="PASS">
          <reporter-output>
          </reporter-output>
        </test-method> <!-- tearDown -->
      </class> <!-- co.demo.FirstTestNGPractice -->
    </test> <!-- Default test -->
  </suite> <!-- Default suite -->
</testng-results>
