<?xml version="1.0" encoding="UTF-8"?>
<!-- Generated by org.testng.reporters.JUnitXMLReporter -->
<testsuite ignored="0" hostname="LAPTOP-5HP1H68R" failures="1" tests="1" name="basicProgram2 Test" time="0.044" errors="0" timestamp="2021-11-17T05:40:45 IST">
  <testcase classname="Testcase1.basicProgram2" name="validatesTitle" time="0.04">
    <failure type="java.lang.AssertionError" message="expected [Yahoo.com] but found [Google.com]">
      <![CDATA[java.lang.AssertionError: expected [Yahoo.com] but found [Google.com]
at Testcase1.basicProgram2.validatesTitle(basicProgram2.java:17)
at java.base/java.util.ArrayList.forEach(ArrayList.java:1511)
... Removed 33 stack frames]]>
    </failure>
  </testcase> <!-- validatesTitle -->
</testsuite> <!-- basicProgram2 Test -->
