<?xml version="1.0" encoding="UTF-8"?>
<!-- Generated by org.testng.reporters.JUnitXMLReporter -->
<testsuite ignored="0" hostname="LAPTOP-5HP1H68R" failures="1" tests="4" name="Dependency Test" time="0.023" errors="0" timestamp="2021-11-17T05:40:46 IST">
  <testcase classname="Testcase1.Dependency" name="doregister" time="0.001">
    <failure type="java.lang.AssertionError" message="user not register successful">
      <![CDATA[java.lang.AssertionError: user not register successful
at Testcase1.Dependency.doregister(Dependency.java:40)
at java.base/java.util.ArrayList.forEach(ArrayList.java:1511)
... Removed 28 stack frames]]>
    </failure>
  </testcase> <!-- doregister -->
  <testcase classname="Testcase1.Dependency" name="dologin" time="0.0">
    <skipped/>
  </testcase> <!-- dologin -->
  <testcase classname="Testcase1.Dependency" name="thirdtest" time="0.001"/>
  <testcase classname="Testcase1.Dependency" name="fourthtest" time="0.0">
    <skipped/>
  </testcase> <!-- fourthtest -->
</testsuite> <!-- Dependency Test -->
