<?xml version="1.0" encoding="UTF-8"?>
<!-- Generated by org.testng.reporters.JUnitXMLReporter -->
<testsuite ignored="0" hostname="LAPTOP-5HP1H68R" failures="1" tests="4" name="Validity title Test" time="0.021" errors="0" timestamp="2021-11-03T00:33:38 IST">
  <testcase classname="TestCase2.Dependency" name="doregister" time="0.001">
    <failure type="java.lang.AssertionError" message="user not register successful">
      <![CDATA[java.lang.AssertionError: user not register successful
at TestCase2.Dependency.doregister(Dependency.java:40)
at java.base/java.util.ArrayList.forEach(ArrayList.java:1511)
... Removed 28 stack frames]]>
    </failure>
  </testcase> <!-- doregister -->
  <testcase classname="TestCase2.Dependency" name="dologin" time="0.0">
    <skipped/>
  </testcase> <!-- dologin -->
  <testcase classname="TestCase2.Dependency" name="thirdtest" time="0.001"/>
  <testcase classname="TestCase2.Dependency" name="fourthtest" time="0.0">
    <skipped/>
  </testcase> <!-- fourthtest -->
</testsuite> <!-- Validity title Test -->
