<?xml version="1.0" encoding="UTF-8"?>
<!-- Generated by org.testng.reporters.JUnitXMLReporter -->
<testsuite hostname="LAPTOP-5HP1H68R" ignored="0" name="Command line test" tests="12" failures="1" timestamp="2021-11-22T14:05:39 IST" time="0.072" errors="0">
  <testcase name="doLogin" time="0.001" classname="dataProvideParameterization.TestParameterization"/>
  <testcase name="doLogin" time="0.002" classname="dataProvideParameterization.TestParameterization"/>
  <testcase name="doLogin" time="0.0" classname="dataProvideParameterization.TestParameterization"/>
  <testcase name="testData" time="0.0" classname="defualtAlldemoes.NewLogInTest"/>
  <testcase name="testData" time="0.0" classname="defualtAlldemoes.NewLogInTest"/>
  <testcase name="test1" time="0.0" classname="GroupsDemo.TestNGgroup"/>
  <testcase name="test2" time="0.001" classname="GroupsDemo.TestNGgroup"/>
  <testcase name="test3" time="0.0" classname="GroupsDemo.TestNGgroup"/>
  <testcase name="test4" time="0.0" classname="GroupsDemo.TestNGgroup"/>
  <testcase name="test1" time="0.002" classname="listeners.TestNGListeners">
    <failure type="java.lang.AssertionError" message="expected [true] but found [false]">
      <![CDATA[java.lang.AssertionError: expected [true] but found [false]
at listeners.TestNGListeners.test1(TestNGListeners.java:15)
at java.util.ArrayList.forEach(Unknown Source)
... Removed 43 stack frames]]>
    </failure>
  </testcase> <!-- test1 -->
  <testcase name="test2" time="0.0" classname="listeners.TestNGListeners"/>
  <testcase name="test3" time="0.001" classname="listeners.TestNGListeners">
    <skipped/>
  </testcase> <!-- test3 -->
</testsuite> <!-- Command line test -->
