<?xml version="1.0" encoding="UTF-8"?>
<!-- Generated by org.testng.reporters.JUnitXMLReporter -->
<testsuite ignored="2" hostname="LAPTOP-5HP1H68R" failures="0" tests="1" name="Test" time="12.133" errors="0" timestamp="2021-11-23T19:05:48 IST">
  <testcase classname="FacebookTest.LoginTest" name="init" time="12.099"/>
  <testcase classname="FacebookTest.Testcases" name="@AfterSuite TeardownTest" time="0.0">
    <ignored/>
  </testcase> <!-- @AfterSuite TeardownTest -->
  <testcase classname="FacebookTest.Testcases" name="@BeforeSuite test" time="0.0">
    <ignored/>
  </testcase> <!-- @BeforeSuite test -->
</testsuite> <!-- Test -->
