<?xml version="1.0" encoding="UTF-8"?>
<testng-results ignored="2" total="3" passed="1" failed="0" skipped="0">
  <reporter-output>
  </reporter-output>
  <suite started-at="2021-11-23T19:05:36 IST" name="Suite" finished-at="2021-11-23T19:05:48 IST" duration-ms="12133">
    <groups>
    </groups>
    <test started-at="2021-11-23T19:05:36 IST" name="Test" finished-at="2021-11-23T19:05:48 IST" duration-ms="12133">
      <class name="FacebookTest.LoginTest">
        <test-method is-config="true" signature="test()[pri:0, instance:FacebookTest.LoginTest@25641d39]" started-at="2021-11-23T19:05:26 IST" name="test" finished-at="2021-11-23T19:05:36 IST" duration-ms="10258" status="PASS">
          <reporter-output>
          </reporter-output>
        </test-method> <!-- test -->
        <test-method signature="init()[pri:0, instance:FacebookTest.LoginTest@25641d39]" started-at="2021-11-23T19:05:36 IST" name="init" finished-at="2021-11-23T19:05:48 IST" duration-ms="12099" status="PASS">
          <reporter-output>
          </reporter-output>
        </test-method> <!-- init -->
        <test-method is-config="true" signature="TeardownTest()[pri:0, instance:FacebookTest.LoginTest@25641d39]" started-at="2021-11-23T19:05:48 IST" name="TeardownTest" finished-at="2021-11-23T19:05:49 IST" duration-ms="913" status="PASS">
          <reporter-output>
          </reporter-output>
        </test-method> <!-- TeardownTest -->
      </class> <!-- FacebookTest.LoginTest -->
    </test> <!-- Test -->
  </suite> <!-- Suite -->
</testng-results>
