<?xml version="1.0" encoding="UTF-8"?>
<!-- Generated by org.testng.reporters.JUnitXMLReporter -->
<testsuite ignored="3" hostname="LAPTOP-5HP1H68R" failures="0" tests="1" name="Sanity Test" time="0.017" errors="0" timestamp="2021-11-15T16:42:50 IST">
  <testcase classname="GroupsDemo.TestNGgroup" name="test2" time="0.003"/>
  <testcase classname="GroupsDemo.TestNGgroup" name="test1" time="0.0">
    <ignored/>
  </testcase> <!-- test1 -->
  <testcase classname="GroupsDemo.TestNGgroup" name="test4" time="0.0">
    <ignored/>
  </testcase> <!-- test4 -->
  <testcase classname="GroupsDemo.TestNGgroup" name="test3" time="0.0">
    <ignored/>
  </testcase> <!-- test3 -->
</testsuite> <!-- Sanity Test -->
